<?xml version="1.0" encoding="UTF-8"?>
<!-- Generated by org.testng.reporters.JUnitReportReporter -->
<testsuite hostname="LAPTOP-SJK6EH97" failures="0" tests="1" name="WaitCommands.ImplicitWait" time="8.945" errors="0" timestamp="2024-02-18T14:24:59 EST" skipped="0">
  <testcase classname="WaitCommands.ImplicitWait" name="testUntitled" time="8.945"/>
  <system-out/>
</testsuite> <!-- WaitCommands.ImplicitWait -->
